  Factory.cpp
  Remarque : inclusion du fichier :  C:\Program Files (x86)\Microsoft Visual Studio\2019\Community\VC\Tools\MSVC\14.23.28105\include\iostream
  Remarque : inclusion du fichier :   C:\Program Files (x86)\Microsoft Visual Studio\2019\Community\VC\Tools\MSVC\14.23.28105\include\yvals_core.h
  Remarque : inclusion du fichier :    C:\Program Files (x86)\Microsoft Visual Studio\2019\Community\VC\Tools\MSVC\14.23.28105\include\crtdefs.h
  Remarque : inclusion du fichier :     C:\Program Files (x86)\Microsoft Visual Studio\2019\Community\VC\Tools\MSVC\14.23.28105\include\vcruntime.h
  Remarque : inclusion du fichier :      C:\Program Files (x86)\Microsoft Visual Studio\2019\Community\VC\Tools\MSVC\14.23.28105\include\sal.h
  Remarque : inclusion du fichier :       C:\Program Files (x86)\Microsoft Visual Studio\2019\Community\VC\Tools\MSVC\14.23.28105\include\concurrencysal.h
  Remarque : inclusion du fichier :      C:\Program Files (x86)\Microsoft Visual Studio\2019\Community\VC\Tools\MSVC\14.23.28105\include\vadefs.h
  Remarque : inclusion du fichier :     C:\Program Files (x86)\Windows Kits\10\Include\10.0.18362.0\ucrt\corecrt.h
  Remarque : inclusion du fichier :    C:\Program Files (x86)\Microsoft Visual Studio\2019\Community\VC\Tools\MSVC\14.23.28105\include\xkeycheck.h
  Remarque : inclusion du fichier :   C:\Program Files (x86)\Microsoft Visual Studio\2019\Community\VC\Tools\MSVC\14.23.28105\include\istream
  Remarque : inclusion du fichier :    C:\Program Files (x86)\Microsoft Visual Studio\2019\Community\VC\Tools\MSVC\14.23.28105\include\ostream
  Remarque : inclusion du fichier :     C:\Program Files (x86)\Microsoft Visual Studio\2019\Community\VC\Tools\MSVC\14.23.28105\include\ios
  Remarque : inclusion du fichier :      C:\Program Files (x86)\Microsoft Visual Studio\2019\Community\VC\Tools\MSVC\14.23.28105\include\xlocnum
  Remarque : inclusion du fichier :       C:\Program Files (x86)\Microsoft Visual Studio\2019\Community\VC\Tools\MSVC\14.23.28105\include\climits
  Remarque : inclusion du fichier :        C:\Program Files (x86)\Microsoft Visual Studio\2019\Community\VC\Tools\MSVC\14.23.28105\include\limits.h
  Remarque : inclusion du fichier :       C:\Program Files (x86)\Microsoft Visual Studio\2019\Community\VC\Tools\MSVC\14.23.28105\include\cmath
  Remarque : inclusion du fichier :        C:\Program Files (x86)\Microsoft Visual Studio\2019\Community\VC\Tools\MSVC\14.23.28105\include\yvals.h
  Remarque : inclusion du fichier :         C:\Program Files (x86)\Windows Kits\10\Include\10.0.18362.0\ucrt\crtdbg.h
  Remarque : inclusion du fichier :          C:\Program Files (x86)\Microsoft Visual Studio\2019\Community\VC\Tools\MSVC\14.23.28105\include\vcruntime_new_debug.h
  Remarque : inclusion du fichier :           C:\Program Files (x86)\Microsoft Visual Studio\2019\Community\VC\Tools\MSVC\14.23.28105\include\vcruntime_new.h
  Remarque : inclusion du fichier :         C:\Program Files (x86)\Microsoft Visual Studio\2019\Community\VC\Tools\MSVC\14.23.28105\include\use_ansi.h
  Remarque : inclusion du fichier :        C:\Program Files (x86)\Microsoft Visual Studio\2019\Community\VC\Tools\MSVC\14.23.28105\include\cstdlib
  Remarque : inclusion du fichier :         C:\Program Files (x86)\Windows Kits\10\Include\10.0.18362.0\ucrt\math.h
  Remarque : inclusion du fichier :          C:\Program Files (x86)\Windows Kits\10\Include\10.0.18362.0\ucrt\corecrt_math.h
  Remarque : inclusion du fichier :         C:\Program Files (x86)\Windows Kits\10\Include\10.0.18362.0\ucrt\stdlib.h
  Remarque : inclusion du fichier :          C:\Program Files (x86)\Windows Kits\10\Include\10.0.18362.0\ucrt\corecrt_malloc.h
  Remarque : inclusion du fichier :          C:\Program Files (x86)\Windows Kits\10\Include\10.0.18362.0\ucrt\corecrt_search.h
  Remarque : inclusion du fichier :           C:\Program Files (x86)\Windows Kits\10\Include\10.0.18362.0\ucrt\stddef.h
  Remarque : inclusion du fichier :          C:\Program Files (x86)\Windows Kits\10\Include\10.0.18362.0\ucrt\corecrt_wstdlib.h
  Remarque : inclusion du fichier :        C:\Program Files (x86)\Microsoft Visual Studio\2019\Community\VC\Tools\MSVC\14.23.28105\include\xtgmath.h
  Remarque : inclusion du fichier :         C:\Program Files (x86)\Microsoft Visual Studio\2019\Community\VC\Tools\MSVC\14.23.28105\include\xtr1common
  Remarque : inclusion du fichier :       C:\Program Files (x86)\Microsoft Visual Studio\2019\Community\VC\Tools\MSVC\14.23.28105\include\cstdio
  Remarque : inclusion du fichier :        C:\Program Files (x86)\Windows Kits\10\Include\10.0.18362.0\ucrt\stdio.h
  Remarque : inclusion du fichier :         C:\Program Files (x86)\Windows Kits\10\Include\10.0.18362.0\ucrt\corecrt_wstdio.h
  Remarque : inclusion du fichier :          C:\Program Files (x86)\Windows Kits\10\Include\10.0.18362.0\ucrt\corecrt_stdio_config.h
  Remarque : inclusion du fichier :       C:\Program Files (x86)\Microsoft Visual Studio\2019\Community\VC\Tools\MSVC\14.23.28105\include\streambuf
  Remarque : inclusion du fichier :        C:\Program Files (x86)\Microsoft Visual Studio\2019\Community\VC\Tools\MSVC\14.23.28105\include\xiosbase
  Remarque : inclusion du fichier :         C:\Program Files (x86)\Windows Kits\10\Include\10.0.18362.0\ucrt\share.h
  Remarque : inclusion du fichier :          C:\Program Files (x86)\Windows Kits\10\Include\10.0.18362.0\ucrt\corecrt_share.h
  Remarque : inclusion du fichier :         C:\Program Files (x86)\Microsoft Visual Studio\2019\Community\VC\Tools\MSVC\14.23.28105\include\system_error
  Remarque : inclusion du fichier :          C:\Program Files (x86)\Microsoft Visual Studio\2019\Community\VC\Tools\MSVC\14.23.28105\include\cerrno
  Remarque : inclusion du fichier :           C:\Program Files (x86)\Windows Kits\10\Include\10.0.18362.0\ucrt\errno.h
  Remarque : inclusion du fichier :          C:\Program Files (x86)\Microsoft Visual Studio\2019\Community\VC\Tools\MSVC\14.23.28105\include\stdexcept
  Remarque : inclusion du fichier :           C:\Program Files (x86)\Microsoft Visual Studio\2019\Community\VC\Tools\MSVC\14.23.28105\include\exception
  Remarque : inclusion du fichier :            C:\Program Files (x86)\Microsoft Visual Studio\2019\Community\VC\Tools\MSVC\14.23.28105\include\type_traits
  Remarque : inclusion du fichier :             C:\Program Files (x86)\Microsoft Visual Studio\2019\Community\VC\Tools\MSVC\14.23.28105\include\xstddef
  Remarque : inclusion du fichier :              C:\Program Files (x86)\Microsoft Visual Studio\2019\Community\VC\Tools\MSVC\14.23.28105\include\cstddef
  Remarque : inclusion du fichier :              C:\Program Files (x86)\Microsoft Visual Studio\2019\Community\VC\Tools\MSVC\14.23.28105\include\initializer_list
  Remarque : inclusion du fichier :            C:\Program Files (x86)\Windows Kits\10\Include\10.0.18362.0\ucrt\malloc.h
  Remarque : inclusion du fichier :            C:\Program Files (x86)\Microsoft Visual Studio\2019\Community\VC\Tools\MSVC\14.23.28105\include\vcruntime_exception.h
  Remarque : inclusion du fichier :             C:\Program Files (x86)\Microsoft Visual Studio\2019\Community\VC\Tools\MSVC\14.23.28105\include\eh.h
  Remarque : inclusion du fichier :              C:\Program Files (x86)\Windows Kits\10\Include\10.0.18362.0\ucrt\corecrt_terminate.h
  Remarque : inclusion du fichier :           C:\Program Files (x86)\Microsoft Visual Studio\2019\Community\VC\Tools\MSVC\14.23.28105\include\xstring
  Remarque : inclusion du fichier :            C:\Program Files (x86)\Microsoft Visual Studio\2019\Community\VC\Tools\MSVC\14.23.28105\include\iosfwd
  Remarque : inclusion du fichier :             C:\Program Files (x86)\Microsoft Visual Studio\2019\Community\VC\Tools\MSVC\14.23.28105\include\cstring
  Remarque : inclusion du fichier :              C:\Program Files (x86)\Windows Kits\10\Include\10.0.18362.0\ucrt\string.h
  Remarque : inclusion du fichier :               C:\Program Files (x86)\Windows Kits\10\Include\10.0.18362.0\ucrt\corecrt_memory.h
  Remarque : inclusion du fichier :                C:\Program Files (x86)\Windows Kits\10\Include\10.0.18362.0\ucrt\corecrt_memcpy_s.h
  Remarque : inclusion du fichier :                 C:\Program Files (x86)\Microsoft Visual Studio\2019\Community\VC\Tools\MSVC\14.23.28105\include\vcruntime_string.h
  Remarque : inclusion du fichier :               C:\Program Files (x86)\Windows Kits\10\Include\10.0.18362.0\ucrt\corecrt_wstring.h
  Remarque : inclusion du fichier :             C:\Program Files (x86)\Microsoft Visual Studio\2019\Community\VC\Tools\MSVC\14.23.28105\include\cwchar
  Remarque : inclusion du fichier :              C:\Program Files (x86)\Windows Kits\10\Include\10.0.18362.0\ucrt\wchar.h
  Remarque : inclusion du fichier :               C:\Program Files (x86)\Windows Kits\10\Include\10.0.18362.0\ucrt\corecrt_wconio.h
  Remarque : inclusion du fichier :               C:\Program Files (x86)\Windows Kits\10\Include\10.0.18362.0\ucrt\corecrt_wctype.h
  Remarque : inclusion du fichier :               C:\Program Files (x86)\Windows Kits\10\Include\10.0.18362.0\ucrt\corecrt_wdirect.h
  Remarque : inclusion du fichier :               C:\Program Files (x86)\Windows Kits\10\Include\10.0.18362.0\ucrt\corecrt_wio.h
  Remarque : inclusion du fichier :               C:\Program Files (x86)\Windows Kits\10\Include\10.0.18362.0\ucrt\corecrt_wprocess.h
  Remarque : inclusion du fichier :               C:\Program Files (x86)\Windows Kits\10\Include\10.0.18362.0\ucrt\corecrt_wtime.h
  Remarque : inclusion du fichier :               C:\Program Files (x86)\Windows Kits\10\Include\10.0.18362.0\ucrt\sys/stat.h
  Remarque : inclusion du fichier :                C:\Program Files (x86)\Windows Kits\10\Include\10.0.18362.0\ucrt\sys/types.h
  Remarque : inclusion du fichier :            C:\Program Files (x86)\Microsoft Visual Studio\2019\Community\VC\Tools\MSVC\14.23.28105\include\xmemory
  Remarque : inclusion du fichier :             C:\Program Files (x86)\Microsoft Visual Studio\2019\Community\VC\Tools\MSVC\14.23.28105\include\cstdint
  Remarque : inclusion du fichier :              C:\Program Files (x86)\Microsoft Visual Studio\2019\Community\VC\Tools\MSVC\14.23.28105\include\stdint.h
  Remarque : inclusion du fichier :             C:\Program Files (x86)\Microsoft Visual Studio\2019\Community\VC\Tools\MSVC\14.23.28105\include\limits
  Remarque : inclusion du fichier :              C:\Program Files (x86)\Microsoft Visual Studio\2019\Community\VC\Tools\MSVC\14.23.28105\include\cfloat
  Remarque : inclusion du fichier :               C:\Program Files (x86)\Windows Kits\10\Include\10.0.18362.0\ucrt\float.h
  Remarque : inclusion du fichier :             C:\Program Files (x86)\Microsoft Visual Studio\2019\Community\VC\Tools\MSVC\14.23.28105\include\new
  Remarque : inclusion du fichier :             C:\Program Files (x86)\Microsoft Visual Studio\2019\Community\VC\Tools\MSVC\14.23.28105\include\xatomic.h
  Remarque : inclusion du fichier :              C:\Program Files (x86)\Microsoft Visual Studio\2019\Community\VC\Tools\MSVC\14.23.28105\include\intrin0.h
  Remarque : inclusion du fichier :             C:\Program Files (x86)\Microsoft Visual Studio\2019\Community\VC\Tools\MSVC\14.23.28105\include\xutility
  Remarque : inclusion du fichier :              C:\Program Files (x86)\Microsoft Visual Studio\2019\Community\VC\Tools\MSVC\14.23.28105\include\utility
  Remarque : inclusion du fichier :          C:\Program Files (x86)\Microsoft Visual Studio\2019\Community\VC\Tools\MSVC\14.23.28105\include\xcall_once.h
  Remarque : inclusion du fichier :          C:\Program Files (x86)\Microsoft Visual Studio\2019\Community\VC\Tools\MSVC\14.23.28105\include\xerrc.h
  Remarque : inclusion du fichier :         C:\Program Files (x86)\Microsoft Visual Studio\2019\Community\VC\Tools\MSVC\14.23.28105\include\xlocale
  Remarque : inclusion du fichier :          C:\Program Files (x86)\Microsoft Visual Studio\2019\Community\VC\Tools\MSVC\14.23.28105\include\memory
  Remarque : inclusion du fichier :           C:\Program Files (x86)\Microsoft Visual Studio\2019\Community\VC\Tools\MSVC\14.23.28105\include\typeinfo
  Remarque : inclusion du fichier :            C:\Program Files (x86)\Microsoft Visual Studio\2019\Community\VC\Tools\MSVC\14.23.28105\include\vcruntime_typeinfo.h
  Remarque : inclusion du fichier :          C:\Program Files (x86)\Microsoft Visual Studio\2019\Community\VC\Tools\MSVC\14.23.28105\include\xfacet
  Remarque : inclusion du fichier :          C:\Program Files (x86)\Microsoft Visual Studio\2019\Community\VC\Tools\MSVC\14.23.28105\include\xlocinfo
  Remarque : inclusion du fichier :           C:\Program Files (x86)\Microsoft Visual Studio\2019\Community\VC\Tools\MSVC\14.23.28105\include\xlocinfo.h
  Remarque : inclusion du fichier :            C:\Program Files (x86)\Windows Kits\10\Include\10.0.18362.0\ucrt\ctype.h
  Remarque : inclusion du fichier :            C:\Program Files (x86)\Windows Kits\10\Include\10.0.18362.0\ucrt\locale.h
  Remarque : inclusion du fichier :  C:\Users\Ahmed\Documents\GitHub\EMSIcpp\Factory\Factory\Vehicle.h
  Remarque : inclusion du fichier :   C:\Program Files (x86)\Microsoft Visual Studio\2019\Community\VC\Tools\MSVC\14.23.28105\include\string
  Remarque : inclusion du fichier :    C:\Program Files (x86)\Microsoft Visual Studio\2019\Community\VC\Tools\MSVC\14.23.28105\include\cctype
  Vehicle.cpp
  Remarque : inclusion du fichier :  C:\Users\Ahmed\Documents\GitHub\EMSIcpp\Factory\Factory\Vehicle.h
  Remarque : inclusion du fichier :   C:\Program Files (x86)\Microsoft Visual Studio\2019\Community\VC\Tools\MSVC\14.23.28105\include\string
  Remarque : inclusion du fichier :    C:\Program Files (x86)\Microsoft Visual Studio\2019\Community\VC\Tools\MSVC\14.23.28105\include\yvals_core.h
  Remarque : inclusion du fichier :     C:\Program Files (x86)\Microsoft Visual Studio\2019\Community\VC\Tools\MSVC\14.23.28105\include\crtdefs.h
  Remarque : inclusion du fichier :      C:\Program Files (x86)\Microsoft Visual Studio\2019\Community\VC\Tools\MSVC\14.23.28105\include\vcruntime.h
  Remarque : inclusion du fichier :       C:\Program Files (x86)\Microsoft Visual Studio\2019\Community\VC\Tools\MSVC\14.23.28105\include\sal.h
  Remarque : inclusion du fichier :        C:\Program Files (x86)\Microsoft Visual Studio\2019\Community\VC\Tools\MSVC\14.23.28105\include\concurrencysal.h
  Remarque : inclusion du fichier :       C:\Program Files (x86)\Microsoft Visual Studio\2019\Community\VC\Tools\MSVC\14.23.28105\include\vadefs.h
  Remarque : inclusion du fichier :      C:\Program Files (x86)\Windows Kits\10\Include\10.0.18362.0\ucrt\corecrt.h
  Remarque : inclusion du fichier :     C:\Program Files (x86)\Microsoft Visual Studio\2019\Community\VC\Tools\MSVC\14.23.28105\include\xkeycheck.h
  Remarque : inclusion du fichier :    C:\Program Files (x86)\Microsoft Visual Studio\2019\Community\VC\Tools\MSVC\14.23.28105\include\xstring
  Remarque : inclusion du fichier :     C:\Program Files (x86)\Microsoft Visual Studio\2019\Community\VC\Tools\MSVC\14.23.28105\include\iosfwd
  Remarque : inclusion du fichier :      C:\Program Files (x86)\Microsoft Visual Studio\2019\Community\VC\Tools\MSVC\14.23.28105\include\yvals.h
  Remarque : inclusion du fichier :       C:\Program Files (x86)\Windows Kits\10\Include\10.0.18362.0\ucrt\crtdbg.h
  Remarque : inclusion du fichier :        C:\Program Files (x86)\Microsoft Visual Studio\2019\Community\VC\Tools\MSVC\14.23.28105\include\vcruntime_new_debug.h
  Remarque : inclusion du fichier :         C:\Program Files (x86)\Microsoft Visual Studio\2019\Community\VC\Tools\MSVC\14.23.28105\include\vcruntime_new.h
  Remarque : inclusion du fichier :       C:\Program Files (x86)\Microsoft Visual Studio\2019\Community\VC\Tools\MSVC\14.23.28105\include\use_ansi.h
  Remarque : inclusion du fichier :      C:\Program Files (x86)\Microsoft Visual Studio\2019\Community\VC\Tools\MSVC\14.23.28105\include\cstdio
  Remarque : inclusion du fichier :       C:\Program Files (x86)\Windows Kits\10\Include\10.0.18362.0\ucrt\stdio.h
  Remarque : inclusion du fichier :        C:\Program Files (x86)\Windows Kits\10\Include\10.0.18362.0\ucrt\corecrt_wstdio.h
  Remarque : inclusion du fichier :         C:\Program Files (x86)\Windows Kits\10\Include\10.0.18362.0\ucrt\corecrt_stdio_config.h
  Remarque : inclusion du fichier :      C:\Program Files (x86)\Microsoft Visual Studio\2019\Community\VC\Tools\MSVC\14.23.28105\include\cstring
  Remarque : inclusion du fichier :       C:\Program Files (x86)\Windows Kits\10\Include\10.0.18362.0\ucrt\string.h
  Remarque : inclusion du fichier :        C:\Program Files (x86)\Windows Kits\10\Include\10.0.18362.0\ucrt\corecrt_memory.h
  Remarque : inclusion du fichier :         C:\Program Files (x86)\Windows Kits\10\Include\10.0.18362.0\ucrt\corecrt_memcpy_s.h
  Remarque : inclusion du fichier :          C:\Program Files (x86)\Windows Kits\10\Include\10.0.18362.0\ucrt\errno.h
  Remarque : inclusion du fichier :          C:\Program Files (x86)\Microsoft Visual Studio\2019\Community\VC\Tools\MSVC\14.23.28105\include\vcruntime_string.h
  Remarque : inclusion du fichier :        C:\Program Files (x86)\Windows Kits\10\Include\10.0.18362.0\ucrt\corecrt_wstring.h
  Remarque : inclusion du fichier :      C:\Program Files (x86)\Microsoft Visual Studio\2019\Community\VC\Tools\MSVC\14.23.28105\include\cwchar
  Remarque : inclusion du fichier :       C:\Program Files (x86)\Windows Kits\10\Include\10.0.18362.0\ucrt\wchar.h
  Remarque : inclusion du fichier :        C:\Program Files (x86)\Windows Kits\10\Include\10.0.18362.0\ucrt\corecrt_wconio.h
  Remarque : inclusion du fichier :        C:\Program Files (x86)\Windows Kits\10\Include\10.0.18362.0\ucrt\corecrt_wctype.h
  Remarque : inclusion du fichier :        C:\Program Files (x86)\Windows Kits\10\Include\10.0.18362.0\ucrt\corecrt_wdirect.h
  Remarque : inclusion du fichier :        C:\Program Files (x86)\Windows Kits\10\Include\10.0.18362.0\ucrt\corecrt_wio.h
  Remarque : inclusion du fichier :         C:\Program Files (x86)\Windows Kits\10\Include\10.0.18362.0\ucrt\corecrt_share.h
  Remarque : inclusion du fichier :        C:\Program Files (x86)\Windows Kits\10\Include\10.0.18362.0\ucrt\corecrt_wprocess.h
  Remarque : inclusion du fichier :        C:\Program Files (x86)\Windows Kits\10\Include\10.0.18362.0\ucrt\corecrt_wstdlib.h
  Remarque : inclusion du fichier :        C:\Program Files (x86)\Windows Kits\10\Include\10.0.18362.0\ucrt\corecrt_wtime.h
  Remarque : inclusion du fichier :        C:\Program Files (x86)\Windows Kits\10\Include\10.0.18362.0\ucrt\sys/stat.h
  Remarque : inclusion du fichier :         C:\Program Files (x86)\Windows Kits\10\Include\10.0.18362.0\ucrt\sys/types.h
  Remarque : inclusion du fichier :      C:\Program Files (x86)\Microsoft Visual Studio\2019\Community\VC\Tools\MSVC\14.23.28105\include\xstddef
  Remarque : inclusion du fichier :       C:\Program Files (x86)\Microsoft Visual Studio\2019\Community\VC\Tools\MSVC\14.23.28105\include\cstddef
  Remarque : inclusion du fichier :        C:\Program Files (x86)\Windows Kits\10\Include\10.0.18362.0\ucrt\stddef.h
  Remarque : inclusion du fichier :        C:\Program Files (x86)\Microsoft Visual Studio\2019\Community\VC\Tools\MSVC\14.23.28105\include\xtr1common
  Remarque : inclusion du fichier :       C:\Program Files (x86)\Microsoft Visual Studio\2019\Community\VC\Tools\MSVC\14.23.28105\include\cstdlib
  Remarque : inclusion du fichier :        C:\Program Files (x86)\Windows Kits\10\Include\10.0.18362.0\ucrt\math.h
  Remarque : inclusion du fichier :         C:\Program Files (x86)\Windows Kits\10\Include\10.0.18362.0\ucrt\corecrt_math.h
  Remarque : inclusion du fichier :        C:\Program Files (x86)\Windows Kits\10\Include\10.0.18362.0\ucrt\stdlib.h
  Remarque : inclusion du fichier :         C:\Program Files (x86)\Windows Kits\10\Include\10.0.18362.0\ucrt\corecrt_malloc.h
  Remarque : inclusion du fichier :         C:\Program Files (x86)\Windows Kits\10\Include\10.0.18362.0\ucrt\corecrt_search.h
  Remarque : inclusion du fichier :         C:\Program Files (x86)\Microsoft Visual Studio\2019\Community\VC\Tools\MSVC\14.23.28105\include\limits.h
  Remarque : inclusion du fichier :       C:\Program Files (x86)\Microsoft Visual Studio\2019\Community\VC\Tools\MSVC\14.23.28105\include\initializer_list
  Remarque : inclusion du fichier :     C:\Program Files (x86)\Microsoft Visual Studio\2019\Community\VC\Tools\MSVC\14.23.28105\include\xmemory
  Remarque : inclusion du fichier :      C:\Program Files (x86)\Microsoft Visual Studio\2019\Community\VC\Tools\MSVC\14.23.28105\include\cstdint
  Remarque : inclusion du fichier :       C:\Program Files (x86)\Microsoft Visual Studio\2019\Community\VC\Tools\MSVC\14.23.28105\include\stdint.h
  Remarque : inclusion du fichier :      C:\Program Files (x86)\Microsoft Visual Studio\2019\Community\VC\Tools\MSVC\14.23.28105\include\limits
  Remarque : inclusion du fichier :       C:\Program Files (x86)\Microsoft Visual Studio\2019\Community\VC\Tools\MSVC\14.23.28105\include\cfloat
  Remarque : inclusion du fichier :        C:\Program Files (x86)\Windows Kits\10\Include\10.0.18362.0\ucrt\float.h
  Remarque : inclusion du fichier :       C:\Program Files (x86)\Microsoft Visual Studio\2019\Community\VC\Tools\MSVC\14.23.28105\include\climits
  Remarque : inclusion du fichier :      C:\Program Files (x86)\Microsoft Visual Studio\2019\Community\VC\Tools\MSVC\14.23.28105\include\new
  Remarque : inclusion du fichier :       C:\Program Files (x86)\Microsoft Visual Studio\2019\Community\VC\Tools\MSVC\14.23.28105\include\exception
  Remarque : inclusion du fichier :        C:\Program Files (x86)\Microsoft Visual Studio\2019\Community\VC\Tools\MSVC\14.23.28105\include\type_traits
  Remarque : inclusion du fichier :        C:\Program Files (x86)\Windows Kits\10\Include\10.0.18362.0\ucrt\malloc.h
  Remarque : inclusion du fichier :        C:\Program Files (x86)\Microsoft Visual Studio\2019\Community\VC\Tools\MSVC\14.23.28105\include\vcruntime_exception.h
  Remarque : inclusion du fichier :         C:\Program Files (x86)\Microsoft Visual Studio\2019\Community\VC\Tools\MSVC\14.23.28105\include\eh.h
  Remarque : inclusion du fichier :          C:\Program Files (x86)\Windows Kits\10\Include\10.0.18362.0\ucrt\corecrt_terminate.h
  Remarque : inclusion du fichier :      C:\Program Files (x86)\Microsoft Visual Studio\2019\Community\VC\Tools\MSVC\14.23.28105\include\xatomic.h
  Remarque : inclusion du fichier :       C:\Program Files (x86)\Microsoft Visual Studio\2019\Community\VC\Tools\MSVC\14.23.28105\include\intrin0.h
  Remarque : inclusion du fichier :      C:\Program Files (x86)\Microsoft Visual Studio\2019\Community\VC\Tools\MSVC\14.23.28105\include\xutility
  Remarque : inclusion du fichier :       C:\Program Files (x86)\Microsoft Visual Studio\2019\Community\VC\Tools\MSVC\14.23.28105\include\utility
  Remarque : inclusion du fichier :    C:\Program Files (x86)\Microsoft Visual Studio\2019\Community\VC\Tools\MSVC\14.23.28105\include\cctype
  Remarque : inclusion du fichier :     C:\Program Files (x86)\Windows Kits\10\Include\10.0.18362.0\ucrt\ctype.h
  Remarque : inclusion du fichier :  C:\Program Files (x86)\Microsoft Visual Studio\2019\Community\VC\Tools\MSVC\14.23.28105\include\iostream
  Remarque : inclusion du fichier :   C:\Program Files (x86)\Microsoft Visual Studio\2019\Community\VC\Tools\MSVC\14.23.28105\include\istream
  Remarque : inclusion du fichier :    C:\Program Files (x86)\Microsoft Visual Studio\2019\Community\VC\Tools\MSVC\14.23.28105\include\ostream
  Remarque : inclusion du fichier :     C:\Program Files (x86)\Microsoft Visual Studio\2019\Community\VC\Tools\MSVC\14.23.28105\include\ios
  Remarque : inclusion du fichier :      C:\Program Files (x86)\Microsoft Visual Studio\2019\Community\VC\Tools\MSVC\14.23.28105\include\xlocnum
  Remarque : inclusion du fichier :       C:\Program Files (x86)\Microsoft Visual Studio\2019\Community\VC\Tools\MSVC\14.23.28105\include\cmath
  Remarque : inclusion du fichier :        C:\Program Files (x86)\Microsoft Visual Studio\2019\Community\VC\Tools\MSVC\14.23.28105\include\xtgmath.h
  Remarque : inclusion du fichier :       C:\Program Files (x86)\Microsoft Visual Studio\2019\Community\VC\Tools\MSVC\14.23.28105\include\streambuf
  Remarque : inclusion du fichier :        C:\Program Files (x86)\Microsoft Visual Studio\2019\Community\VC\Tools\MSVC\14.23.28105\include\xiosbase
  Remarque : inclusion du fichier :         C:\Program Files (x86)\Windows Kits\10\Include\10.0.18362.0\ucrt\share.h
  Remarque : inclusion du fichier :         C:\Program Files (x86)\Microsoft Visual Studio\2019\Community\VC\Tools\MSVC\14.23.28105\include\system_error
  Remarque : inclusion du fichier :          C:\Program Files (x86)\Microsoft Visual Studio\2019\Community\VC\Tools\MSVC\14.23.28105\include\cerrno
  Remarque : inclusion du fichier :          C:\Program Files (x86)\Microsoft Visual Studio\2019\Community\VC\Tools\MSVC\14.23.28105\include\stdexcept
  Remarque : inclusion du fichier :          C:\Program Files (x86)\Microsoft Visual Studio\2019\Community\VC\Tools\MSVC\14.23.28105\include\xcall_once.h
  Remarque : inclusion du fichier :          C:\Program Files (x86)\Microsoft Visual Studio\2019\Community\VC\Tools\MSVC\14.23.28105\include\xerrc.h
  Remarque : inclusion du fichier :         C:\Program Files (x86)\Microsoft Visual Studio\2019\Community\VC\Tools\MSVC\14.23.28105\include\xlocale
  Remarque : inclusion du fichier :          C:\Program Files (x86)\Microsoft Visual Studio\2019\Community\VC\Tools\MSVC\14.23.28105\include\memory
  Remarque : inclusion du fichier :           C:\Program Files (x86)\Microsoft Visual Studio\2019\Community\VC\Tools\MSVC\14.23.28105\include\typeinfo
  Remarque : inclusion du fichier :            C:\Program Files (x86)\Microsoft Visual Studio\2019\Community\VC\Tools\MSVC\14.23.28105\include\vcruntime_typeinfo.h
  Remarque : inclusion du fichier :          C:\Program Files (x86)\Microsoft Visual Studio\2019\Community\VC\Tools\MSVC\14.23.28105\include\xfacet
  Remarque : inclusion du fichier :          C:\Program Files (x86)\Microsoft Visual Studio\2019\Community\VC\Tools\MSVC\14.23.28105\include\xlocinfo
  Remarque : inclusion du fichier :           C:\Program Files (x86)\Microsoft Visual Studio\2019\Community\VC\Tools\MSVC\14.23.28105\include\xlocinfo.h
  Remarque : inclusion du fichier :            C:\Program Files (x86)\Windows Kits\10\Include\10.0.18362.0\ucrt\locale.h
  Génération de code en cours...
  Factory.vcxproj -> C:\Users\Ahmed\Documents\GitHub\EMSIcpp\Factory\Debug\Factory.exe
